0 info it worked if it ends with ok
1 verbose cli [
1 verbose cli   'C:\\Program Files\\nodejs\\node.exe',
1 verbose cli   'C:\\ProgramData\\chocolatey\\lib\\npm\\tools\\node_modules\\npm\\bin\\npm-cli.js',
1 verbose cli   'install'
1 verbose cli ]
2 info using npm@1.4.9
3 info using node@v20.6.1
4 warn package.json once_sidepanel@0.0.1 No repository field.
5 verbose readDependencies using package.json deps
6 verbose install where, deps [
6 verbose install   'C:\\Users\\mjb\\develop\\sidepanel_once_firefox',
6 verbose install   [
6 verbose install     'pouchdb-browser',
6 verbose install     '@types/firefox-webext-browser',
6 verbose install     '@types/pouchdb',
6 verbose install     '@typescript-eslint/eslint-plugin',
6 verbose install     '@typescript-eslint/parser',
6 verbose install     'copy-webpack-plugin',
6 verbose install     'copyfiles',
6 verbose install     'eslint',
6 verbose install     'ts-loader',
6 verbose install     'typescript',
6 verbose install     'webpack',
6 verbose install     'webpack-cli'
6 verbose install   ]
6 verbose install ]
7 info preinstall once_sidepanel@0.0.1
8 warn package.json events@3.3.0 events is also the name of a node core module.
9 warn package.json punycode@2.3.0 punycode is also the name of a node core module.
10 warn package.json require-from-string@2.0.2 keywords should be an array of strings
11 warn package.json string_decoder@0.10.31 string_decoder is also the name of a node core module.
12 verbose readDependencies using package.json deps
13 verbose cache add [ 'eslint@^7.20.0', null ]
14 verbose cache add name=undefined spec="eslint@^7.20.0" args=["eslint@^7.20.0",null]
15 verbose parsed url Url {
15 verbose parsed url   protocol: null,
15 verbose parsed url   slashes: null,
15 verbose parsed url   auth: null,
15 verbose parsed url   host: null,
15 verbose parsed url   port: null,
15 verbose parsed url   hostname: null,
15 verbose parsed url   hash: null,
15 verbose parsed url   search: null,
15 verbose parsed url   query: null,
15 verbose parsed url   pathname: 'eslint@%5E7.20.0',
15 verbose parsed url   path: 'eslint@%5E7.20.0',
15 verbose parsed url   href: 'eslint@%5E7.20.0'
15 verbose parsed url }
16 verbose cache add name="eslint" spec="^7.20.0" args=["eslint","^7.20.0"]
17 verbose parsed url Url {
17 verbose parsed url   protocol: null,
17 verbose parsed url   slashes: null,
17 verbose parsed url   auth: null,
17 verbose parsed url   host: null,
17 verbose parsed url   port: null,
17 verbose parsed url   hostname: null,
17 verbose parsed url   hash: null,
17 verbose parsed url   search: null,
17 verbose parsed url   query: null,
17 verbose parsed url   pathname: '%5E7.20.0',
17 verbose parsed url   path: '%5E7.20.0',
17 verbose parsed url   href: '%5E7.20.0'
17 verbose parsed url }
18 verbose addNamed [ 'eslint', '^7.20.0' ]
19 verbose addNamed [ null, '>=7.20.0-0 <8.0.0-0' ]
20 verbose already installed skipping ts-loader@^9.4.4 C:\Users\mjb\develop\sidepanel_once_firefox
21 verbose already installed skipping typescript@^4.9.5 C:\Users\mjb\develop\sidepanel_once_firefox
22 verbose cache add [ 'webpack@^5.88.1', null ]
23 verbose cache add name=undefined spec="webpack@^5.88.1" args=["webpack@^5.88.1",null]
24 verbose parsed url Url {
24 verbose parsed url   protocol: null,
24 verbose parsed url   slashes: null,
24 verbose parsed url   auth: null,
24 verbose parsed url   host: null,
24 verbose parsed url   port: null,
24 verbose parsed url   hostname: null,
24 verbose parsed url   hash: null,
24 verbose parsed url   search: null,
24 verbose parsed url   query: null,
24 verbose parsed url   pathname: 'webpack@%5E5.88.1',
24 verbose parsed url   path: 'webpack@%5E5.88.1',
24 verbose parsed url   href: 'webpack@%5E5.88.1'
24 verbose parsed url }
25 verbose cache add name="webpack" spec="^5.88.1" args=["webpack","^5.88.1"]
26 verbose parsed url Url {
26 verbose parsed url   protocol: null,
26 verbose parsed url   slashes: null,
26 verbose parsed url   auth: null,
26 verbose parsed url   host: null,
26 verbose parsed url   port: null,
26 verbose parsed url   hostname: null,
26 verbose parsed url   hash: null,
26 verbose parsed url   search: null,
26 verbose parsed url   query: null,
26 verbose parsed url   pathname: '%5E5.88.1',
26 verbose parsed url   path: '%5E5.88.1',
26 verbose parsed url   href: '%5E5.88.1'
26 verbose parsed url }
27 verbose addNamed [ 'webpack', '^5.88.1' ]
28 verbose addNamed [ null, '>=5.88.1-0 <6.0.0-0' ]
29 verbose already installed skipping webpack-cli@^5.1.4 C:\Users\mjb\develop\sidepanel_once_firefox
30 silly lockFile d3c7225e-eslint-7-20-0 eslint@^7.20.0
31 verbose lock eslint@^7.20.0 C:\Users\mjb\AppData\Roaming\npm-cache\d3c7225e-eslint-7-20-0.lock
32 silly lockFile 8650d5e3-webpack-5-88-1 webpack@^5.88.1
33 verbose lock webpack@^5.88.1 C:\Users\mjb\AppData\Roaming\npm-cache\8650d5e3-webpack-5-88-1.lock
34 silly addNameRange { name: 'eslint', range: '>=7.20.0-0 <8.0.0-0', hasData: false }
35 silly addNameRange { name: 'webpack', range: '>=5.88.1-0 <6.0.0-0', hasData: false }
36 verbose url raw eslint
37 verbose url resolving [ 'https://registry.npmjs.org/', './eslint' ]
38 verbose url resolved https://registry.npmjs.org/eslint
39 info trying registry request attempt 1 at 12:04:16
40 verbose etag W/"c76989836958fb5001f5704e50825401"
41 http GET https://registry.npmjs.org/eslint
42 verbose already installed skipping pouchdb-browser@^8.0.1 C:\Users\mjb\develop\sidepanel_once_firefox
43 verbose cache add [ '@types/firefox-webext-browser@', null ]
44 verbose cache add name=undefined spec="@types/firefox-webext-browser@" args=["@types/firefox-webext-browser@",null]
45 verbose parsed url Url {
45 verbose parsed url   protocol: null,
45 verbose parsed url   slashes: null,
45 verbose parsed url   auth: null,
45 verbose parsed url   host: null,
45 verbose parsed url   port: null,
45 verbose parsed url   hostname: null,
45 verbose parsed url   hash: null,
45 verbose parsed url   search: null,
45 verbose parsed url   query: null,
45 verbose parsed url   pathname: '@types/firefox-webext-browser@',
45 verbose parsed url   path: '@types/firefox-webext-browser@',
45 verbose parsed url   href: '@types/firefox-webext-browser@'
45 verbose parsed url }
46 verbose cache add [ '@types/pouchdb@^6.4.0', null ]
47 verbose cache add name=undefined spec="@types/pouchdb@^6.4.0" args=["@types/pouchdb@^6.4.0",null]
48 verbose parsed url Url {
48 verbose parsed url   protocol: null,
48 verbose parsed url   slashes: null,
48 verbose parsed url   auth: null,
48 verbose parsed url   host: null,
48 verbose parsed url   port: null,
48 verbose parsed url   hostname: null,
48 verbose parsed url   hash: null,
48 verbose parsed url   search: null,
48 verbose parsed url   query: null,
48 verbose parsed url   pathname: '@types/pouchdb@%5E6.4.0',
48 verbose parsed url   path: '@types/pouchdb@%5E6.4.0',
48 verbose parsed url   href: '@types/pouchdb@%5E6.4.0'
48 verbose parsed url }
49 verbose cache add [ '@typescript-eslint/eslint-plugin@^4.15.0', null ]
50 verbose cache add name=undefined spec="@typescript-eslint/eslint-plugin@^4.15.0" args=["@typescript-eslint/eslint-plugin@^4.15.0",null]
51 verbose parsed url Url {
51 verbose parsed url   protocol: null,
51 verbose parsed url   slashes: null,
51 verbose parsed url   auth: null,
51 verbose parsed url   host: null,
51 verbose parsed url   port: null,
51 verbose parsed url   hostname: null,
51 verbose parsed url   hash: null,
51 verbose parsed url   search: null,
51 verbose parsed url   query: null,
51 verbose parsed url   pathname: '@typescript-eslint/eslint-plugin@%5E4.15.0',
51 verbose parsed url   path: '@typescript-eslint/eslint-plugin@%5E4.15.0',
51 verbose parsed url   href: '@typescript-eslint/eslint-plugin@%5E4.15.0'
51 verbose parsed url }
52 verbose cache add [ '@typescript-eslint/parser@^4.15.0', null ]
53 verbose cache add name=undefined spec="@typescript-eslint/parser@^4.15.0" args=["@typescript-eslint/parser@^4.15.0",null]
54 verbose parsed url Url {
54 verbose parsed url   protocol: null,
54 verbose parsed url   slashes: null,
54 verbose parsed url   auth: null,
54 verbose parsed url   host: null,
54 verbose parsed url   port: null,
54 verbose parsed url   hostname: null,
54 verbose parsed url   hash: null,
54 verbose parsed url   search: null,
54 verbose parsed url   query: null,
54 verbose parsed url   pathname: '@typescript-eslint/parser@%5E4.15.0',
54 verbose parsed url   path: '@typescript-eslint/parser@%5E4.15.0',
54 verbose parsed url   href: '@typescript-eslint/parser@%5E4.15.0'
54 verbose parsed url }
55 verbose already installed skipping copy-webpack-plugin@^11.0.0 C:\Users\mjb\develop\sidepanel_once_firefox
56 verbose already installed skipping copyfiles@^2.4.1 C:\Users\mjb\develop\sidepanel_once_firefox
57 verbose cache add name="" spec="types/firefox-webext-browser@" args=["","types/firefox-webext-browser@"]
58 verbose parsed url Url {
58 verbose parsed url   protocol: null,
58 verbose parsed url   slashes: null,
58 verbose parsed url   auth: null,
58 verbose parsed url   host: null,
58 verbose parsed url   port: null,
58 verbose parsed url   hostname: null,
58 verbose parsed url   hash: null,
58 verbose parsed url   search: null,
58 verbose parsed url   query: null,
58 verbose parsed url   pathname: 'types/firefox-webext-browser@',
58 verbose parsed url   path: 'types/firefox-webext-browser@',
58 verbose parsed url   href: 'types/firefox-webext-browser@'
58 verbose parsed url }
59 verbose cache add name="" spec="types/pouchdb@^6.4.0" args=["","types/pouchdb@^6.4.0"]
60 verbose parsed url Url {
60 verbose parsed url   protocol: null,
60 verbose parsed url   slashes: null,
60 verbose parsed url   auth: null,
60 verbose parsed url   host: null,
60 verbose parsed url   port: null,
60 verbose parsed url   hostname: null,
60 verbose parsed url   hash: null,
60 verbose parsed url   search: null,
60 verbose parsed url   query: null,
60 verbose parsed url   pathname: 'types/pouchdb@%5E6.4.0',
60 verbose parsed url   path: 'types/pouchdb@%5E6.4.0',
60 verbose parsed url   href: 'types/pouchdb@%5E6.4.0'
60 verbose parsed url }
61 verbose cache add name="" spec="typescript-eslint/eslint-plugin@^4.15.0" args=["","typescript-eslint/eslint-plugin@^4.15.0"]
62 verbose parsed url Url {
62 verbose parsed url   protocol: null,
62 verbose parsed url   slashes: null,
62 verbose parsed url   auth: null,
62 verbose parsed url   host: null,
62 verbose parsed url   port: null,
62 verbose parsed url   hostname: null,
62 verbose parsed url   hash: null,
62 verbose parsed url   search: null,
62 verbose parsed url   query: null,
62 verbose parsed url   pathname: 'typescript-eslint/eslint-plugin@%5E4.15.0',
62 verbose parsed url   path: 'typescript-eslint/eslint-plugin@%5E4.15.0',
62 verbose parsed url   href: 'typescript-eslint/eslint-plugin@%5E4.15.0'
62 verbose parsed url }
63 verbose cache add name="" spec="typescript-eslint/parser@^4.15.0" args=["","typescript-eslint/parser@^4.15.0"]
64 verbose parsed url Url {
64 verbose parsed url   protocol: null,
64 verbose parsed url   slashes: null,
64 verbose parsed url   auth: null,
64 verbose parsed url   host: null,
64 verbose parsed url   port: null,
64 verbose parsed url   hostname: null,
64 verbose parsed url   hash: null,
64 verbose parsed url   search: null,
64 verbose parsed url   query: null,
64 verbose parsed url   pathname: 'typescript-eslint/parser@%5E4.15.0',
64 verbose parsed url   path: 'typescript-eslint/parser@%5E4.15.0',
64 verbose parsed url   href: 'typescript-eslint/parser@%5E4.15.0'
64 verbose parsed url }
65 verbose cache add name="types/firefox-webext-browser" spec="" args=["types/firefox-webext-browser",""]
66 verbose parsed url Url {
66 verbose parsed url   protocol: null,
66 verbose parsed url   slashes: null,
66 verbose parsed url   auth: null,
66 verbose parsed url   host: null,
66 verbose parsed url   port: null,
66 verbose parsed url   hostname: null,
66 verbose parsed url   hash: null,
66 verbose parsed url   search: null,
66 verbose parsed url   query: null,
66 verbose parsed url   pathname: null,
66 verbose parsed url   path: null,
66 verbose parsed url   href: ''
66 verbose parsed url }
67 verbose addNamed [ 'types/firefox-webext-browser', '' ]
68 verbose addNamed [ null, '*' ]
69 silly lockFile 1a93f74d-types-firefox-webext-browser types/firefox-webext-browser@
70 verbose lock types/firefox-webext-browser@ C:\Users\mjb\AppData\Roaming\npm-cache\1a93f74d-types-firefox-webext-browser.lock
71 verbose cache add name="types/pouchdb" spec="^6.4.0" args=["types/pouchdb","^6.4.0"]
72 verbose parsed url Url {
72 verbose parsed url   protocol: null,
72 verbose parsed url   slashes: null,
72 verbose parsed url   auth: null,
72 verbose parsed url   host: null,
72 verbose parsed url   port: null,
72 verbose parsed url   hostname: null,
72 verbose parsed url   hash: null,
72 verbose parsed url   search: null,
72 verbose parsed url   query: null,
72 verbose parsed url   pathname: '%5E6.4.0',
72 verbose parsed url   path: '%5E6.4.0',
72 verbose parsed url   href: '%5E6.4.0'
72 verbose parsed url }
73 verbose addNamed [ 'types/pouchdb', '^6.4.0' ]
74 verbose addNamed [ null, '>=6.4.0-0 <7.0.0-0' ]
75 silly lockFile 048a3695-types-pouchdb-6-4-0 types/pouchdb@^6.4.0
76 verbose lock types/pouchdb@^6.4.0 C:\Users\mjb\AppData\Roaming\npm-cache\048a3695-types-pouchdb-6-4-0.lock
77 verbose cache add name="typescript-eslint/eslint-plugin" spec="^4.15.0" args=["typescript-eslint/eslint-plugin","^4.15.0"]
78 verbose parsed url Url {
78 verbose parsed url   protocol: null,
78 verbose parsed url   slashes: null,
78 verbose parsed url   auth: null,
78 verbose parsed url   host: null,
78 verbose parsed url   port: null,
78 verbose parsed url   hostname: null,
78 verbose parsed url   hash: null,
78 verbose parsed url   search: null,
78 verbose parsed url   query: null,
78 verbose parsed url   pathname: '%5E4.15.0',
78 verbose parsed url   path: '%5E4.15.0',
78 verbose parsed url   href: '%5E4.15.0'
78 verbose parsed url }
79 verbose addNamed [ 'typescript-eslint/eslint-plugin', '^4.15.0' ]
80 verbose addNamed [ null, '>=4.15.0-0 <5.0.0-0' ]
81 silly lockFile 14e0a54e-ript-eslint-eslint-plugin-4-15-0 typescript-eslint/eslint-plugin@^4.15.0
82 verbose lock typescript-eslint/eslint-plugin@^4.15.0 C:\Users\mjb\AppData\Roaming\npm-cache\14e0a54e-ript-eslint-eslint-plugin-4-15-0.lock
83 verbose cache add name="typescript-eslint/parser" spec="^4.15.0" args=["typescript-eslint/parser","^4.15.0"]
84 verbose parsed url Url {
84 verbose parsed url   protocol: null,
84 verbose parsed url   slashes: null,
84 verbose parsed url   auth: null,
84 verbose parsed url   host: null,
84 verbose parsed url   port: null,
84 verbose parsed url   hostname: null,
84 verbose parsed url   hash: null,
84 verbose parsed url   search: null,
84 verbose parsed url   query: null,
84 verbose parsed url   pathname: '%5E4.15.0',
84 verbose parsed url   path: '%5E4.15.0',
84 verbose parsed url   href: '%5E4.15.0'
84 verbose parsed url }
85 verbose addNamed [ 'typescript-eslint/parser', '^4.15.0' ]
86 verbose addNamed [ null, '>=4.15.0-0 <5.0.0-0' ]
87 silly lockFile b2d6a001-typescript-eslint-parser-4-15-0 typescript-eslint/parser@^4.15.0
88 verbose lock typescript-eslint/parser@^4.15.0 C:\Users\mjb\AppData\Roaming\npm-cache\b2d6a001-typescript-eslint-parser-4-15-0.lock
89 silly addNameRange { name: 'types/firefox-webext-browser', range: '*', hasData: false }
90 silly addNameRange { name: 'types/pouchdb', range: '>=6.4.0-0 <7.0.0-0', hasData: false }
91 silly addNameRange {
91 silly addNameRange   name: 'typescript-eslint/eslint-plugin',
91 silly addNameRange   range: '>=4.15.0-0 <5.0.0-0',
91 silly addNameRange   hasData: false
91 silly addNameRange }
92 silly addNameRange {
92 silly addNameRange   name: 'typescript-eslint/parser',
92 silly addNameRange   range: '>=4.15.0-0 <5.0.0-0',
92 silly addNameRange   hasData: false
92 silly addNameRange }
93 verbose url raw types/firefox-webext-browser
94 verbose url resolving [ 'https://registry.npmjs.org/', './types/firefox-webext-browser' ]
95 verbose url resolved https://registry.npmjs.org/types/firefox-webext-browser
96 info trying registry request attempt 1 at 12:04:16
97 http GET https://registry.npmjs.org/types/firefox-webext-browser
98 verbose url raw types/pouchdb
99 verbose url resolving [ 'https://registry.npmjs.org/', './types/pouchdb' ]
100 verbose url resolved https://registry.npmjs.org/types/pouchdb
101 info trying registry request attempt 1 at 12:04:16
102 http GET https://registry.npmjs.org/types/pouchdb
103 verbose url raw typescript-eslint/eslint-plugin
104 verbose url resolving [ 'https://registry.npmjs.org/', './typescript-eslint/eslint-plugin' ]
105 verbose url resolved https://registry.npmjs.org/typescript-eslint/eslint-plugin
106 info trying registry request attempt 1 at 12:04:16
107 http GET https://registry.npmjs.org/typescript-eslint/eslint-plugin
108 verbose url raw typescript-eslint/parser
109 verbose url resolving [ 'https://registry.npmjs.org/', './typescript-eslint/parser' ]
110 verbose url resolved https://registry.npmjs.org/typescript-eslint/parser
111 info trying registry request attempt 1 at 12:04:16
112 http GET https://registry.npmjs.org/typescript-eslint/parser
113 verbose url raw webpack
114 verbose url resolving [ 'https://registry.npmjs.org/', './webpack' ]
115 verbose url resolved https://registry.npmjs.org/webpack
116 info trying registry request attempt 1 at 12:04:16
117 verbose etag W/"e95280b2d89a89fd54754383d132b817"
118 http GET https://registry.npmjs.org/webpack
119 http 304 https://registry.npmjs.org/webpack
120 silly registry.get cb [
120 silly registry.get   304,
120 silly registry.get   {
120 silly registry.get     date: 'Wed, 29 Nov 2023 11:04:16 GMT',
120 silly registry.get     connection: 'keep-alive',
120 silly registry.get     'cf-ray': '82da5e71cf7f37de-FRA',
120 silly registry.get     'cf-cache-status': 'HIT',
120 silly registry.get     age: '227',
120 silly registry.get     'cache-control': 'public, max-age=300',
120 silly registry.get     etag: '"e95280b2d89a89fd54754383d132b817"',
120 silly registry.get     'last-modified': 'Sat, 21 Oct 2023 01:43:48 GMT',
120 silly registry.get     vary: 'Accept-Encoding',
120 silly registry.get     server: 'cloudflare'
120 silly registry.get   }
120 silly registry.get ]
121 verbose etag webpack from cache
122 silly addNameRange number 2 { name: 'webpack', range: '>=5.88.1-0 <6.0.0-0', hasData: true }
123 silly addNameRange versions [
123 silly addNameRange   'webpack',
123 silly addNameRange   [
123 silly addNameRange     '0.1.0',       '0.1.1',       '0.1.2',       '0.1.3',       '0.1.4',
123 silly addNameRange     '0.1.5',       '0.1.6',       '0.2.0',       '0.2.1',       '0.2.2',
123 silly addNameRange     '0.2.3',       '0.2.4',       '0.2.6',       '0.2.7',       '0.2.8',
123 silly addNameRange     '0.3.0',       '0.3.1',       '0.3.2',       '0.3.3',       '0.3.4',
123 silly addNameRange     '0.3.6',       '0.3.7',       '0.3.8',       '0.3.9',       '0.3.10',
123 silly addNameRange     '0.3.11',      '0.3.12',      '0.3.13',      '0.3.14',      '0.3.15',
123 silly addNameRange     '0.3.16',      '0.3.17',      '0.3.18',      '0.3.19',      '0.3.20',
123 silly addNameRange     '0.4.0',       '0.4.1',       '0.4.2',       '0.4.3',       '0.4.4',
123 silly addNameRange     '0.4.5',       '0.4.6',       '0.4.7',       '0.4.8',       '0.4.9',
123 silly addNameRange     '0.4.10',      '0.4.11',      '0.4.12',      '0.4.13',      '0.4.14',
123 silly addNameRange     '0.4.15',      '0.4.16',      '0.4.17',      '0.4.18',      '0.4.19',
123 silly addNameRange     '0.4.20',      '0.4.21',      '0.4.23',      '0.4.24',      '0.4.25',
123 silly addNameRange     '0.5.0',       '0.5.1',       '0.5.2',       '0.5.3',       '0.5.4',
123 silly addNameRange     '0.5.5',       '0.5.6',       '0.5.7',       '0.5.8',       '0.5.10',
123 silly addNameRange     '0.6.0',       '0.6.1',       '0.6.2',       '0.7.0-beta',  '0.7.0-beta2',
123 silly addNameRange     '0.7.0-beta3', '0.7.0-beta4', '0.7.0-beta5', '0.7.0-beta6', '0.7.0-beta7',
123 silly addNameRange     '0.7.0-beta8', '0.7.0',       '0.7.1',       '0.7.2',       '0.7.3',
123 silly addNameRange     '0.7.4',       '0.7.5',       '0.7.6',       '0.7.7',       '0.7.8',
123 silly addNameRange     '0.7.9',       '0.7.11',      '0.7.12',      '0.7.13',      '0.7.14',
123 silly addNameRange     '0.7.15',      '0.7.16',      '0.7.17',      '0.8.0-beta1', '0.8.0-beta2',
123 silly addNameRange     ... 727 more items
123 silly addNameRange   ]
123 silly addNameRange ]
124 verbose addNamed [ 'webpack', '5.89.0' ]
125 verbose addNamed [ '5.89.0', '5.89.0' ]
126 silly lockFile 009be666-webpack-5-89-0 webpack@5.89.0
127 verbose lock webpack@5.89.0 C:\Users\mjb\AppData\Roaming\npm-cache\009be666-webpack-5-89-0.lock
128 silly lockFile 009be666-webpack-5-89-0 webpack@5.89.0
129 silly lockFile 009be666-webpack-5-89-0 webpack@5.89.0
130 silly lockFile 8650d5e3-webpack-5-88-1 webpack@^5.88.1
131 silly lockFile 8650d5e3-webpack-5-88-1 webpack@^5.88.1
132 http 405 https://registry.npmjs.org/types/firefox-webext-browser
133 silly registry.get cb [
133 silly registry.get   405,
133 silly registry.get   {
133 silly registry.get     date: 'Wed, 29 Nov 2023 11:04:17 GMT',
133 silly registry.get     'content-type': 'application/json',
133 silly registry.get     'content-length': '63',
133 silly registry.get     connection: 'keep-alive',
133 silly registry.get     'cf-ray': '82da5e71aa482beb-FRA',
133 silly registry.get     'cf-cache-status': 'DYNAMIC',
133 silly registry.get     allow: 'PUT',
133 silly registry.get     vary: 'Accept-Encoding',
133 silly registry.get     server: 'cloudflare'
133 silly registry.get   }
133 silly registry.get ]
134 silly lockFile 1a93f74d-types-firefox-webext-browser types/firefox-webext-browser@
135 silly lockFile 1a93f74d-types-firefox-webext-browser types/firefox-webext-browser@
136 error Error: Method Not Allowed
136 error     at errorResponse (C:\ProgramData\chocolatey\lib\npm\tools\node_modules\npm\lib\cache.js:753:14)
136 error     at C:\ProgramData\chocolatey\lib\npm\tools\node_modules\npm\lib\cache.js:773:12
136 error     at saved (C:\ProgramData\chocolatey\lib\npm\tools\node_modules\npm\node_modules\npm-registry-client\lib\get.js:148:7)
136 error     at C:\ProgramData\chocolatey\lib\npm\tools\node_modules\npm\node_modules\graceful-fs\polyfills.js:133:7
136 error     at FSReqCallback.oncomplete (node:fs:189:23)
137 error If you need help, you may report this *entire* log,
137 error including the npm and node versions, at:
137 error     <http://github.com/npm/npm/issues>
138 error System Windows_NT 10.0.19045
139 error command "C:\\Program Files\\nodejs\\node.exe" "C:\\ProgramData\\chocolatey\\lib\\npm\\tools\\node_modules\\npm\\bin\\npm-cli.js" "install"
140 error cwd C:\Users\mjb\develop\sidepanel_once_firefox
141 error node -v v20.6.1
142 error npm -v 1.4.9
143 error code E405
144 verbose exit [ 1, true ]
